<?xml version="1.0" encoding="UTF-8"?>
<!-- Generated by org.testng.reporters.JUnitXMLReporter -->
<testsuite ignored="9" hostname="LAPTOP-S2UPK277" failures="0" tests="0" time="1.013" errors="0" timestamp="2026-03-16T07:10:04 IST">
  <testcase classname="pages.ProductPageTest" name="searchProductTest" time="0.0">
    <ignored/>
  </testcase> <!-- searchProductTest -->
  <testcase classname="pages.ProductPageTest" name="addTocartTest" time="0.0">
    <ignored/>
  </testcase> <!-- addTocartTest -->
  <testcase classname="pages.ProductPageTest" name="addMultipleProductsTest" time="0.0">
    <ignored/>
  </testcase> <!-- addMultipleProductsTest -->
  <testcase classname="pages.ProductPageTest" name="refreshCartPageTest" time="0.0">
    <ignored/>
  </testcase> <!-- refreshCartPageTest -->
  <testcase classname="pages.ProductPageTest" name="openBagTest" time="0.0">
    <ignored/>
  </testcase> <!-- openBagTest -->
  <testcase classname="pages.ProductPageTest" name="visitHomePageTest" time="0.0">
    <ignored/>
  </testcase> <!-- visitHomePageTest -->
  <testcase classname="pages.ProductPageTest" name="removeProductTest" time="0.0">
    <ignored/>
  </testcase> <!-- removeProductTest -->
  <testcase classname="pages.ProductPageTest" name="validateEmptyCartStateTest" time="0.0">
    <ignored/>
  </testcase> <!-- validateEmptyCartStateTest -->
  <testcase classname="pages.ProductPageTest" name="allProductListTest" time="0.0">
    <ignored/>
  </testcase> <!-- allProductListTest -->
</testsuite>
