<?xml version="1.0" encoding="UTF-8"?>
<!-- Generated by org.testng.reporters.JUnitXMLReporter -->
<testsuite ignored="0" hostname="LAPTOP-S2UPK277" failures="5" tests="14" name="Test" time="29.342" errors="0" timestamp="2026-03-15T17:11:49 IST">
  <testcase classname="pages.ProductPageTest" name="navigateToTshirtsTest" time="4.537"/>
  <testcase classname="pages.ProductPageTest" name="firstFiveProductPricesTest" time="0.421"/>
  <testcase classname="pages.ProductPageTest" name="sortProductByPriceLowToHighTest" time="0.696"/>
  <testcase classname="pages.ProductPageTest" name="waitForProductsToReloadTest" time="0.066"/>
  <testcase classname="pages.ProductPageTest" name="verifyFirstFivePricesSorted" time="3.321"/>
  <testcase classname="pages.ProductPageTest" name="sortProductByPriceHighToLowTest" time="1.626">
    <failure type="org.openqa.selenium.StaleElementReferenceException" message="stale element reference: stale element not found in the current frame
  (Session info: chrome=145.0.7632.162)
For documentation on this error, please visit: https://www.selenium.dev/documentation/webdriver/troubleshooting/errors#stale-element-reference-exception
Build info: version: &amp;apos;4.21.0&amp;apos;, revision: &amp;apos;79ed462ef4&amp;apos;
System info: os.name: &amp;apos;Windows 11&amp;apos;, os.arch: &amp;apos;amd64&amp;apos;, os.version: &amp;apos;10.0&amp;apos;, java.version: &amp;apos;21&amp;apos;
Driver info: org.openqa.selenium.chrome.ChromeDriver
Command: [c447ed229f29653032a46f68a80b72dd, getElementText {id=f.EC2A0C60A801B7E5B33621C2F14DB195.d.4A5946ACE40F7EE72290BC6B5CAAE8C2.e.16064}]
Capabilities {acceptInsecureCerts: false, browserName: chrome, browserVersion: 145.0.7632.162, chrome: {chromedriverVersion: 145.0.7632.117 (de4e5d6e13b..., userDataDir: C:\Users\LAPTOP\AppData\Loc...}, fedcm:accounts: true, goog:chromeOptions: {debuggerAddress: localhost:58997}, goog:processID: 8084, networkConnectionEnabled: false, pageLoadStrategy: normal, platformName: windows, proxy: Proxy(), se:cdp: ws://localhost:58997/devtoo..., se:cdpVersion: 145.0.7632.162, setWindowRect: true, strictFileInteractability: false, timeouts: {implicit: 0, pageLoad: 300000, script: 30000}, unhandledPromptBehavior: dismiss and notify, webauthn:extension:credBlob: true, webauthn:extension:largeBlob: true, webauthn:extension:minPinLength: true, webauthn:extension:prf: true, webauthn:virtualAuthenticators: true}
Element: [[ChromeDriver: chrome on windows (c447ed229f29653032a46f68a80b72dd)] -&amp;gt; xpath: //span[@class=&amp;apos;product-discountedPrice&amp;apos;]]
Session ID: c447ed229f29653032a46f68a80b72dd">
      <![CDATA[org.openqa.selenium.StaleElementReferenceException: stale element reference: stale element not found in the current frame
  (Session info: chrome=145.0.7632.162)
For documentation on this error, please visit: https://www.selenium.dev/documentation/webdriver/troubleshooting/errors#stale-element-reference-exception
Build info: version: '4.21.0', revision: '79ed462ef4'
System info: os.name: 'Windows 11', os.arch: 'amd64', os.version: '10.0', java.version: '21'
Driver info: org.openqa.selenium.chrome.ChromeDriver
Command: [c447ed229f29653032a46f68a80b72dd, getElementText {id=f.EC2A0C60A801B7E5B33621C2F14DB195.d.4A5946ACE40F7EE72290BC6B5CAAE8C2.e.16064}]
Capabilities {acceptInsecureCerts: false, browserName: chrome, browserVersion: 145.0.7632.162, chrome: {chromedriverVersion: 145.0.7632.117 (de4e5d6e13b..., userDataDir: C:\Users\LAPTOP\AppData\Loc...}, fedcm:accounts: true, goog:chromeOptions: {debuggerAddress: localhost:58997}, goog:processID: 8084, networkConnectionEnabled: false, pageLoadStrategy: normal, platformName: windows, proxy: Proxy(), se:cdp: ws://localhost:58997/devtoo..., se:cdpVersion: 145.0.7632.162, setWindowRect: true, strictFileInteractability: false, timeouts: {implicit: 0, pageLoad: 300000, script: 30000}, unhandledPromptBehavior: dismiss and notify, webauthn:extension:credBlob: true, webauthn:extension:largeBlob: true, webauthn:extension:minPinLength: true, webauthn:extension:prf: true, webauthn:virtualAuthenticators: true}
Element: [[ChromeDriver: chrome on windows (c447ed229f29653032a46f68a80b72dd)] -> xpath: //span[@class='product-discountedPrice']]
Session ID: c447ed229f29653032a46f68a80b72dd
at org.openqa.selenium.remote.ErrorCodec.decode(ErrorCodec.java:167)
at org.openqa.selenium.remote.codec.w3c.W3CHttpResponseCodec.decode(W3CHttpResponseCodec.java:138)
at org.openqa.selenium.remote.codec.w3c.W3CHttpResponseCodec.decode(W3CHttpResponseCodec.java:50)
at org.openqa.selenium.remote.HttpCommandExecutor.execute(HttpCommandExecutor.java:190)
at org.openqa.selenium.remote.service.DriverCommandExecutor.invokeExecute(DriverCommandExecutor.java:216)
at org.openqa.selenium.remote.service.DriverCommandExecutor.execute(DriverCommandExecutor.java:174)
at org.openqa.selenium.remote.RemoteWebDriver.execute(RemoteWebDriver.java:518)
at org.openqa.selenium.remote.RemoteWebElement.execute(RemoteWebElement.java:223)
at org.openqa.selenium.remote.RemoteWebElement.getText(RemoteWebElement.java:191)
at pages.ProductPage.getFirstFiveProductPrices(ProductPage.java:45)
at pages.ProductPage.sortProductByPriceHighToLow(ProductPage.java:87)
at pages.ProductPageTest.sortProductByPriceHighToLowTest(ProductPageTest.java:49)
at java.base/java.util.ArrayList.forEach(ArrayList.java:1596)
... Removed 28 stack frames]]>
    </failure>
  </testcase> <!-- sortProductByPriceHighToLowTest -->
  <testcase classname="pages.ProductPageTest" name="verifyFirstFivePricesSortedDescending" time="1.078"/>
  <testcase classname="pages.ProductPageTest" name="verifyAscendingSortingWithoutSelectingSortOptionTest" time="1.474">
    <failure type="java.lang.AssertionError" message="Products should not be sorted when sort option is not applied expected [false] but found [true]">
      <![CDATA[java.lang.AssertionError: Products should not be sorted when sort option is not applied expected [false] but found [true]
at pages.ProductPageTest.verifyAscendingSortingWithoutSelectingSortOptionTest(ProductPageTest.java:64)
at java.base/java.util.ArrayList.forEach(ArrayList.java:1596)
... Removed 28 stack frames]]>
    </failure>
  </testcase> <!-- verifyAscendingSortingWithoutSelectingSortOptionTest -->
  <testcase classname="pages.ProductPageTest" name="verifyDescendingSortingWithoutSelectingSortOptionTest" time="0.88">
    <failure type="java.lang.AssertionError" message="Products should not be sorted in descending order without selecting sort option expected [false] but found [true]">
      <![CDATA[java.lang.AssertionError: Products should not be sorted in descending order without selecting sort option expected [false] but found [true]
at pages.ProductPageTest.verifyDescendingSortingWithoutSelectingSortOptionTest(ProductPageTest.java:73)
at java.base/java.util.ArrayList.forEach(ArrayList.java:1596)
... Removed 28 stack frames]]>
    </failure>
  </testcase> <!-- verifyDescendingSortingWithoutSelectingSortOptionTest -->
  <testcase classname="pages.ProductPageTest" name="verifyPriceListIsNotEmptyTest" time="1.708"/>
  <testcase classname="pages.ProductPageTest" name="verifyLessThanFiveProductsScenarioTest" time="0.126"/>
  <testcase classname="pages.ProductPageTest" name="verifySortingFailsIfPageNotLoadedTest" time="0.857"/>
  <testcase classname="pages.ProductPageTest" name="verifyDescendingSortingWithoutReloadTest" time="1.354">
    <failure type="java.lang.AssertionError" message="Ascending verification should fail for descending sorted list expected [false] but found [true]">
      <![CDATA[java.lang.AssertionError: Ascending verification should fail for descending sorted list expected [false] but found [true]
at pages.ProductPageTest.verifyDescendingSortingWithoutReloadTest(ProductPageTest.java:100)
at java.base/java.util.ArrayList.forEach(ArrayList.java:1596)
... Removed 28 stack frames]]>
    </failure>
  </testcase> <!-- verifyDescendingSortingWithoutReloadTest -->
  <testcase classname="pages.ProductPageTest" name="verifyAscendingSortingFailsForDescendingOrderTest" time="1.268">
    <failure type="java.lang.AssertionError" message="Ascending order validation should fail for descending sorted products expected [false] but found [true]">
      <![CDATA[java.lang.AssertionError: Ascending order validation should fail for descending sorted products expected [false] but found [true]
at pages.ProductPageTest.verifyAscendingSortingFailsForDescendingOrderTest(ProductPageTest.java:107)
at java.base/java.util.ArrayList.forEach(ArrayList.java:1596)
... Removed 28 stack frames]]>
    </failure>
  </testcase> <!-- verifyAscendingSortingFailsForDescendingOrderTest -->
</testsuite> <!-- Test -->
