<?xml version="1.0" encoding="UTF-8"?>
<testng-results ignored="9" total="9" passed="0" failed="0" skipped="0">
  <reporter-output>
  </reporter-output>
  <suite started-at="2026-03-16T07:10:03 IST" name="Default suite" finished-at="2026-03-16T07:10:04 IST" duration-ms="1013">
    <groups>
    </groups>
    <test started-at="2026-03-16T07:10:03 IST" name="Default test" finished-at="2026-03-16T07:10:04 IST" duration-ms="1013">
      <class name="pages.ProductPageTest">
        <test-method is-config="true" signature="setup()[pri:0, instance:pages.ProductPageTest@3feb2dda]" started-at="2026-03-16T07:09:51 IST" name="setup" finished-at="2026-03-16T07:10:03 IST" duration-ms="11451" status="PASS">
          <reporter-output>
          </reporter-output>
        </test-method> <!-- setup -->
        <test-method is-config="true" signature="tearDown()[pri:0, instance:pages.ProductPageTest@3feb2dda]" started-at="2026-03-16T07:10:05 IST" name="tearDown" finished-at="2026-03-16T07:10:06 IST" duration-ms="721" status="PASS">
          <reporter-output>
          </reporter-output>
        </test-method> <!-- tearDown -->
      </class> <!-- pages.ProductPageTest -->
    </test> <!-- Default test -->
  </suite> <!-- Default suite -->
</testng-results>
