<?xml version="1.0" encoding="UTF-8"?>
<testng-results ignored="0" total="14" passed="9" failed="5" skipped="0">
  <reporter-output>
  </reporter-output>
  <suite started-at="2026-03-15T17:11:20 IST" name="Suite" finished-at="2026-03-15T17:11:49 IST" duration-ms="29342">
    <groups>
    </groups>
    <test started-at="2026-03-15T17:11:20 IST" name="Test" finished-at="2026-03-15T17:11:49 IST" duration-ms="29342">
      <class name="pages.ProductPageTest">
        <test-method is-config="true" signature="setup()[pri:0, instance:pages.ProductPageTest@bcec361]" started-at="2026-03-15T17:11:09 IST" name="setup" finished-at="2026-03-15T17:11:20 IST" duration-ms="10608" status="PASS">
          <reporter-output>
          </reporter-output>
        </test-method> <!-- setup -->
        <test-method is-config="true" signature="initPage()[pri:0, instance:pages.ProductPageTest@bcec361]" started-at="2026-03-15T17:11:22 IST" name="initPage" finished-at="2026-03-15T17:11:22 IST" duration-ms="151" status="PASS">
          <reporter-output>
          </reporter-output>
        </test-method> <!-- initPage -->
        <test-method signature="navigateToTshirtsTest()[pri:1, instance:pages.ProductPageTest@bcec361]" started-at="2026-03-15T17:11:22 IST" name="navigateToTshirtsTest" finished-at="2026-03-15T17:11:26 IST" duration-ms="4537" status="PASS">
          <reporter-output>
          </reporter-output>
        </test-method> <!-- navigateToTshirtsTest -->
        <test-method signature="firstFiveProductPricesTest()[pri:2, instance:pages.ProductPageTest@bcec361]" started-at="2026-03-15T17:11:27 IST" name="firstFiveProductPricesTest" finished-at="2026-03-15T17:11:28 IST" duration-ms="421" status="PASS">
          <reporter-output>
          </reporter-output>
        </test-method> <!-- firstFiveProductPricesTest -->
        <test-method signature="sortProductByPriceLowToHighTest()[pri:3, instance:pages.ProductPageTest@bcec361]" started-at="2026-03-15T17:11:28 IST" name="sortProductByPriceLowToHighTest" finished-at="2026-03-15T17:11:29 IST" duration-ms="696" status="PASS">
          <reporter-output>
          </reporter-output>
        </test-method> <!-- sortProductByPriceLowToHighTest -->
        <test-method signature="waitForProductsToReloadTest()[pri:4, instance:pages.ProductPageTest@bcec361]" started-at="2026-03-15T17:11:29 IST" name="waitForProductsToReloadTest" finished-at="2026-03-15T17:11:29 IST" duration-ms="66" status="PASS">
          <reporter-output>
          </reporter-output>
        </test-method> <!-- waitForProductsToReloadTest -->
        <test-method signature="verifyFirstFivePricesSorted()[pri:5, instance:pages.ProductPageTest@bcec361]" started-at="2026-03-15T17:11:30 IST" name="verifyFirstFivePricesSorted" finished-at="2026-03-15T17:11:34 IST" duration-ms="3321" status="PASS">
          <reporter-output>
          </reporter-output>
        </test-method> <!-- verifyFirstFivePricesSorted -->
        <test-method signature="sortProductByPriceHighToLowTest()[pri:6, instance:pages.ProductPageTest@bcec361]" started-at="2026-03-15T17:11:35 IST" name="sortProductByPriceHighToLowTest" finished-at="2026-03-15T17:11:36 IST" duration-ms="1626" status="FAIL">
          <exception class="org.openqa.selenium.StaleElementReferenceException">
            <message>
              <![CDATA[stale element reference: stale element not found in the current frame
  (Session info: chrome=145.0.7632.162)
For documentation on this error, please visit: https://www.selenium.dev/documentation/webdriver/troubleshooting/errors#stale-element-reference-exception
Build info: version: '4.21.0', revision: '79ed462ef4'
System info: os.name: 'Windows 11', os.arch: 'amd64', os.version: '10.0', java.version: '21'
Driver info: org.openqa.selenium.chrome.ChromeDriver
Command: [c447ed229f29653032a46f68a80b72dd, getElementText {id=f.EC2A0C60A801B7E5B33621C2F14DB195.d.4A5946ACE40F7EE72290BC6B5CAAE8C2.e.16064}]
Capabilities {acceptInsecureCerts: false, browserName: chrome, browserVersion: 145.0.7632.162, chrome: {chromedriverVersion: 145.0.7632.117 (de4e5d6e13b..., userDataDir: C:\Users\LAPTOP\AppData\Loc...}, fedcm:accounts: true, goog:chromeOptions: {debuggerAddress: localhost:58997}, goog:processID: 8084, networkConnectionEnabled: false, pageLoadStrategy: normal, platformName: windows, proxy: Proxy(), se:cdp: ws://localhost:58997/devtoo..., se:cdpVersion: 145.0.7632.162, setWindowRect: true, strictFileInteractability: false, timeouts: {implicit: 0, pageLoad: 300000, script: 30000}, unhandledPromptBehavior: dismiss and notify, webauthn:extension:credBlob: true, webauthn:extension:largeBlob: true, webauthn:extension:minPinLength: true, webauthn:extension:prf: true, webauthn:virtualAuthenticators: true}
Element: [[ChromeDriver: chrome on windows (c447ed229f29653032a46f68a80b72dd)] -> xpath: //span[@class='product-discountedPrice']]
Session ID: c447ed229f29653032a46f68a80b72dd]]>
            </message>
            <full-stacktrace>
              <![CDATA[org.openqa.selenium.StaleElementReferenceException: stale element reference: stale element not found in the current frame
  (Session info: chrome=145.0.7632.162)
For documentation on this error, please visit: https://www.selenium.dev/documentation/webdriver/troubleshooting/errors#stale-element-reference-exception
Build info: version: '4.21.0', revision: '79ed462ef4'
System info: os.name: 'Windows 11', os.arch: 'amd64', os.version: '10.0', java.version: '21'
Driver info: org.openqa.selenium.chrome.ChromeDriver
Command: [c447ed229f29653032a46f68a80b72dd, getElementText {id=f.EC2A0C60A801B7E5B33621C2F14DB195.d.4A5946ACE40F7EE72290BC6B5CAAE8C2.e.16064}]
Capabilities {acceptInsecureCerts: false, browserName: chrome, browserVersion: 145.0.7632.162, chrome: {chromedriverVersion: 145.0.7632.117 (de4e5d6e13b..., userDataDir: C:\Users\LAPTOP\AppData\Loc...}, fedcm:accounts: true, goog:chromeOptions: {debuggerAddress: localhost:58997}, goog:processID: 8084, networkConnectionEnabled: false, pageLoadStrategy: normal, platformName: windows, proxy: Proxy(), se:cdp: ws://localhost:58997/devtoo..., se:cdpVersion: 145.0.7632.162, setWindowRect: true, strictFileInteractability: false, timeouts: {implicit: 0, pageLoad: 300000, script: 30000}, unhandledPromptBehavior: dismiss and notify, webauthn:extension:credBlob: true, webauthn:extension:largeBlob: true, webauthn:extension:minPinLength: true, webauthn:extension:prf: true, webauthn:virtualAuthenticators: true}
Element: [[ChromeDriver: chrome on windows (c447ed229f29653032a46f68a80b72dd)] -> xpath: //span[@class='product-discountedPrice']]
Session ID: c447ed229f29653032a46f68a80b72dd
at java.base/jdk.internal.reflect.DirectConstructorHandleAccessor.newInstance(DirectConstructorHandleAccessor.java:62)
at java.base/java.lang.reflect.Constructor.newInstanceWithCaller(Constructor.java:502)
at java.base/java.lang.reflect.Constructor.newInstance(Constructor.java:486)
at org.openqa.selenium.remote.ErrorCodec.decode(ErrorCodec.java:167)
at org.openqa.selenium.remote.codec.w3c.W3CHttpResponseCodec.decode(W3CHttpResponseCodec.java:138)
at org.openqa.selenium.remote.codec.w3c.W3CHttpResponseCodec.decode(W3CHttpResponseCodec.java:50)
at org.openqa.selenium.remote.HttpCommandExecutor.execute(HttpCommandExecutor.java:190)
at org.openqa.selenium.remote.service.DriverCommandExecutor.invokeExecute(DriverCommandExecutor.java:216)
at org.openqa.selenium.remote.service.DriverCommandExecutor.execute(DriverCommandExecutor.java:174)
at org.openqa.selenium.remote.RemoteWebDriver.execute(RemoteWebDriver.java:518)
at org.openqa.selenium.remote.RemoteWebElement.execute(RemoteWebElement.java:223)
at org.openqa.selenium.remote.RemoteWebElement.getText(RemoteWebElement.java:191)
at pages.ProductPage.getFirstFiveProductPrices(ProductPage.java:45)
at pages.ProductPage.sortProductByPriceHighToLow(ProductPage.java:87)
at pages.ProductPageTest.sortProductByPriceHighToLowTest(ProductPageTest.java:49)
at java.base/jdk.internal.reflect.DirectMethodHandleAccessor.invoke(DirectMethodHandleAccessor.java:103)
at java.base/java.lang.reflect.Method.invoke(Method.java:580)
at org.testng.internal.invokers.MethodInvocationHelper.invokeMethod(MethodInvocationHelper.java:141)
at org.testng.internal.invokers.TestInvoker.invokeMethod(TestInvoker.java:687)
at org.testng.internal.invokers.TestInvoker.invokeTestMethod(TestInvoker.java:230)
at org.testng.internal.invokers.MethodRunner.runInSequence(MethodRunner.java:63)
at org.testng.internal.invokers.TestInvoker$MethodInvocationAgent.invoke(TestInvoker.java:995)
at org.testng.internal.invokers.TestInvoker.invokeTestMethods(TestInvoker.java:203)
at org.testng.internal.invokers.TestMethodWorker.invokeTestMethods(TestMethodWorker.java:154)
at org.testng.internal.invokers.TestMethodWorker.run(TestMethodWorker.java:134)
at java.base/java.util.ArrayList.forEach(ArrayList.java:1596)
at org.testng.TestRunner.privateRun(TestRunner.java:741)
at org.testng.TestRunner.run(TestRunner.java:616)
at org.testng.SuiteRunner.runTest(SuiteRunner.java:421)
at org.testng.SuiteRunner.runSequentially(SuiteRunner.java:413)
at org.testng.SuiteRunner.privateRun(SuiteRunner.java:373)
at org.testng.SuiteRunner.run(SuiteRunner.java:312)
at org.testng.SuiteRunnerWorker.runSuite(SuiteRunnerWorker.java:52)
at org.testng.SuiteRunnerWorker.run(SuiteRunnerWorker.java:95)
at org.testng.TestNG.runSuitesSequentially(TestNG.java:1274)
at org.testng.TestNG.runSuitesLocally(TestNG.java:1208)
at org.testng.TestNG.runSuites(TestNG.java:1112)
at org.testng.TestNG.run(TestNG.java:1079)
at org.testng.remote.AbstractRemoteTestNG.run(AbstractRemoteTestNG.java:115)
at org.testng.remote.RemoteTestNG.initAndRun(RemoteTestNG.java:293)
at org.testng.remote.RemoteTestNG.main(RemoteTestNG.java:91)
]]>
            </full-stacktrace>
          </exception> <!-- org.openqa.selenium.StaleElementReferenceException -->
          <reporter-output>
          </reporter-output>
        </test-method> <!-- sortProductByPriceHighToLowTest -->
        <test-method signature="verifyFirstFivePricesSortedDescending()[pri:7, instance:pages.ProductPageTest@bcec361]" started-at="2026-03-15T17:11:38 IST" name="verifyFirstFivePricesSortedDescending" finished-at="2026-03-15T17:11:39 IST" duration-ms="1078" status="PASS">
          <reporter-output>
          </reporter-output>
        </test-method> <!-- verifyFirstFivePricesSortedDescending -->
        <test-method signature="verifyAscendingSortingWithoutSelectingSortOptionTest()[pri:8, instance:pages.ProductPageTest@bcec361]" started-at="2026-03-15T17:11:39 IST" name="verifyAscendingSortingWithoutSelectingSortOptionTest" finished-at="2026-03-15T17:11:41 IST" duration-ms="1474" status="FAIL">
          <exception class="java.lang.AssertionError">
            <message>
              <![CDATA[Products should not be sorted when sort option is not applied expected [false] but found [true]]]>
            </message>
            <full-stacktrace>
              <![CDATA[java.lang.AssertionError: Products should not be sorted when sort option is not applied expected [false] but found [true]
at org.testng.Assert.fail(Assert.java:111)
at org.testng.Assert.failNotEquals(Assert.java:1590)
at org.testng.Assert.assertFalse(Assert.java:79)
at pages.ProductPageTest.verifyAscendingSortingWithoutSelectingSortOptionTest(ProductPageTest.java:64)
at java.base/jdk.internal.reflect.DirectMethodHandleAccessor.invoke(DirectMethodHandleAccessor.java:103)
at java.base/java.lang.reflect.Method.invoke(Method.java:580)
at org.testng.internal.invokers.MethodInvocationHelper.invokeMethod(MethodInvocationHelper.java:141)
at org.testng.internal.invokers.TestInvoker.invokeMethod(TestInvoker.java:687)
at org.testng.internal.invokers.TestInvoker.invokeTestMethod(TestInvoker.java:230)
at org.testng.internal.invokers.MethodRunner.runInSequence(MethodRunner.java:63)
at org.testng.internal.invokers.TestInvoker$MethodInvocationAgent.invoke(TestInvoker.java:995)
at org.testng.internal.invokers.TestInvoker.invokeTestMethods(TestInvoker.java:203)
at org.testng.internal.invokers.TestMethodWorker.invokeTestMethods(TestMethodWorker.java:154)
at org.testng.internal.invokers.TestMethodWorker.run(TestMethodWorker.java:134)
at java.base/java.util.ArrayList.forEach(ArrayList.java:1596)
at org.testng.TestRunner.privateRun(TestRunner.java:741)
at org.testng.TestRunner.run(TestRunner.java:616)
at org.testng.SuiteRunner.runTest(SuiteRunner.java:421)
at org.testng.SuiteRunner.runSequentially(SuiteRunner.java:413)
at org.testng.SuiteRunner.privateRun(SuiteRunner.java:373)
at org.testng.SuiteRunner.run(SuiteRunner.java:312)
at org.testng.SuiteRunnerWorker.runSuite(SuiteRunnerWorker.java:52)
at org.testng.SuiteRunnerWorker.run(SuiteRunnerWorker.java:95)
at org.testng.TestNG.runSuitesSequentially(TestNG.java:1274)
at org.testng.TestNG.runSuitesLocally(TestNG.java:1208)
at org.testng.TestNG.runSuites(TestNG.java:1112)
at org.testng.TestNG.run(TestNG.java:1079)
at org.testng.remote.AbstractRemoteTestNG.run(AbstractRemoteTestNG.java:115)
at org.testng.remote.RemoteTestNG.initAndRun(RemoteTestNG.java:293)
at org.testng.remote.RemoteTestNG.main(RemoteTestNG.java:91)
]]>
            </full-stacktrace>
          </exception> <!-- java.lang.AssertionError -->
          <reporter-output>
          </reporter-output>
        </test-method> <!-- verifyAscendingSortingWithoutSelectingSortOptionTest -->
        <test-method signature="verifyDescendingSortingWithoutSelectingSortOptionTest()[pri:9, instance:pages.ProductPageTest@bcec361]" started-at="2026-03-15T17:11:41 IST" name="verifyDescendingSortingWithoutSelectingSortOptionTest" finished-at="2026-03-15T17:11:42 IST" duration-ms="880" status="FAIL">
          <exception class="java.lang.AssertionError">
            <message>
              <![CDATA[Products should not be sorted in descending order without selecting sort option expected [false] but found [true]]]>
            </message>
            <full-stacktrace>
              <![CDATA[java.lang.AssertionError: Products should not be sorted in descending order without selecting sort option expected [false] but found [true]
at org.testng.Assert.fail(Assert.java:111)
at org.testng.Assert.failNotEquals(Assert.java:1590)
at org.testng.Assert.assertFalse(Assert.java:79)
at pages.ProductPageTest.verifyDescendingSortingWithoutSelectingSortOptionTest(ProductPageTest.java:73)
at java.base/jdk.internal.reflect.DirectMethodHandleAccessor.invoke(DirectMethodHandleAccessor.java:103)
at java.base/java.lang.reflect.Method.invoke(Method.java:580)
at org.testng.internal.invokers.MethodInvocationHelper.invokeMethod(MethodInvocationHelper.java:141)
at org.testng.internal.invokers.TestInvoker.invokeMethod(TestInvoker.java:687)
at org.testng.internal.invokers.TestInvoker.invokeTestMethod(TestInvoker.java:230)
at org.testng.internal.invokers.MethodRunner.runInSequence(MethodRunner.java:63)
at org.testng.internal.invokers.TestInvoker$MethodInvocationAgent.invoke(TestInvoker.java:995)
at org.testng.internal.invokers.TestInvoker.invokeTestMethods(TestInvoker.java:203)
at org.testng.internal.invokers.TestMethodWorker.invokeTestMethods(TestMethodWorker.java:154)
at org.testng.internal.invokers.TestMethodWorker.run(TestMethodWorker.java:134)
at java.base/java.util.ArrayList.forEach(ArrayList.java:1596)
at org.testng.TestRunner.privateRun(TestRunner.java:741)
at org.testng.TestRunner.run(TestRunner.java:616)
at org.testng.SuiteRunner.runTest(SuiteRunner.java:421)
at org.testng.SuiteRunner.runSequentially(SuiteRunner.java:413)
at org.testng.SuiteRunner.privateRun(SuiteRunner.java:373)
at org.testng.SuiteRunner.run(SuiteRunner.java:312)
at org.testng.SuiteRunnerWorker.runSuite(SuiteRunnerWorker.java:52)
at org.testng.SuiteRunnerWorker.run(SuiteRunnerWorker.java:95)
at org.testng.TestNG.runSuitesSequentially(TestNG.java:1274)
at org.testng.TestNG.runSuitesLocally(TestNG.java:1208)
at org.testng.TestNG.runSuites(TestNG.java:1112)
at org.testng.TestNG.run(TestNG.java:1079)
at org.testng.remote.AbstractRemoteTestNG.run(AbstractRemoteTestNG.java:115)
at org.testng.remote.RemoteTestNG.initAndRun(RemoteTestNG.java:293)
at org.testng.remote.RemoteTestNG.main(RemoteTestNG.java:91)
]]>
            </full-stacktrace>
          </exception> <!-- java.lang.AssertionError -->
          <reporter-output>
          </reporter-output>
        </test-method> <!-- verifyDescendingSortingWithoutSelectingSortOptionTest -->
        <test-method signature="verifyPriceListIsNotEmptyTest()[pri:10, instance:pages.ProductPageTest@bcec361]" started-at="2026-03-15T17:11:43 IST" name="verifyPriceListIsNotEmptyTest" finished-at="2026-03-15T17:11:44 IST" duration-ms="1708" status="PASS">
          <reporter-output>
          </reporter-output>
        </test-method> <!-- verifyPriceListIsNotEmptyTest -->
        <test-method signature="verifyLessThanFiveProductsScenarioTest()[pri:11, instance:pages.ProductPageTest@bcec361]" started-at="2026-03-15T17:11:45 IST" name="verifyLessThanFiveProductsScenarioTest" finished-at="2026-03-15T17:11:45 IST" duration-ms="126" status="PASS">
          <reporter-output>
          </reporter-output>
        </test-method> <!-- verifyLessThanFiveProductsScenarioTest -->
        <test-method signature="verifySortingFailsIfPageNotLoadedTest()[pri:12, instance:pages.ProductPageTest@bcec361]" started-at="2026-03-15T17:11:45 IST" name="verifySortingFailsIfPageNotLoadedTest" finished-at="2026-03-15T17:11:46 IST" duration-ms="857" status="PASS">
          <reporter-output>
          </reporter-output>
        </test-method> <!-- verifySortingFailsIfPageNotLoadedTest -->
        <test-method signature="verifyDescendingSortingWithoutReloadTest()[pri:13, instance:pages.ProductPageTest@bcec361]" started-at="2026-03-15T17:11:46 IST" name="verifyDescendingSortingWithoutReloadTest" finished-at="2026-03-15T17:11:47 IST" duration-ms="1354" status="FAIL">
          <exception class="java.lang.AssertionError">
            <message>
              <![CDATA[Ascending verification should fail for descending sorted list expected [false] but found [true]]]>
            </message>
            <full-stacktrace>
              <![CDATA[java.lang.AssertionError: Ascending verification should fail for descending sorted list expected [false] but found [true]
at org.testng.Assert.fail(Assert.java:111)
at org.testng.Assert.failNotEquals(Assert.java:1590)
at org.testng.Assert.assertFalse(Assert.java:79)
at pages.ProductPageTest.verifyDescendingSortingWithoutReloadTest(ProductPageTest.java:100)
at java.base/jdk.internal.reflect.DirectMethodHandleAccessor.invoke(DirectMethodHandleAccessor.java:103)
at java.base/java.lang.reflect.Method.invoke(Method.java:580)
at org.testng.internal.invokers.MethodInvocationHelper.invokeMethod(MethodInvocationHelper.java:141)
at org.testng.internal.invokers.TestInvoker.invokeMethod(TestInvoker.java:687)
at org.testng.internal.invokers.TestInvoker.invokeTestMethod(TestInvoker.java:230)
at org.testng.internal.invokers.MethodRunner.runInSequence(MethodRunner.java:63)
at org.testng.internal.invokers.TestInvoker$MethodInvocationAgent.invoke(TestInvoker.java:995)
at org.testng.internal.invokers.TestInvoker.invokeTestMethods(TestInvoker.java:203)
at org.testng.internal.invokers.TestMethodWorker.invokeTestMethods(TestMethodWorker.java:154)
at org.testng.internal.invokers.TestMethodWorker.run(TestMethodWorker.java:134)
at java.base/java.util.ArrayList.forEach(ArrayList.java:1596)
at org.testng.TestRunner.privateRun(TestRunner.java:741)
at org.testng.TestRunner.run(TestRunner.java:616)
at org.testng.SuiteRunner.runTest(SuiteRunner.java:421)
at org.testng.SuiteRunner.runSequentially(SuiteRunner.java:413)
at org.testng.SuiteRunner.privateRun(SuiteRunner.java:373)
at org.testng.SuiteRunner.run(SuiteRunner.java:312)
at org.testng.SuiteRunnerWorker.runSuite(SuiteRunnerWorker.java:52)
at org.testng.SuiteRunnerWorker.run(SuiteRunnerWorker.java:95)
at org.testng.TestNG.runSuitesSequentially(TestNG.java:1274)
at org.testng.TestNG.runSuitesLocally(TestNG.java:1208)
at org.testng.TestNG.runSuites(TestNG.java:1112)
at org.testng.TestNG.run(TestNG.java:1079)
at org.testng.remote.AbstractRemoteTestNG.run(AbstractRemoteTestNG.java:115)
at org.testng.remote.RemoteTestNG.initAndRun(RemoteTestNG.java:293)
at org.testng.remote.RemoteTestNG.main(RemoteTestNG.java:91)
]]>
            </full-stacktrace>
          </exception> <!-- java.lang.AssertionError -->
          <reporter-output>
          </reporter-output>
        </test-method> <!-- verifyDescendingSortingWithoutReloadTest -->
        <test-method signature="verifyAscendingSortingFailsForDescendingOrderTest()[pri:14, instance:pages.ProductPageTest@bcec361]" started-at="2026-03-15T17:11:48 IST" name="verifyAscendingSortingFailsForDescendingOrderTest" finished-at="2026-03-15T17:11:49 IST" duration-ms="1268" status="FAIL">
          <exception class="java.lang.AssertionError">
            <message>
              <![CDATA[Ascending order validation should fail for descending sorted products expected [false] but found [true]]]>
            </message>
            <full-stacktrace>
              <![CDATA[java.lang.AssertionError: Ascending order validation should fail for descending sorted products expected [false] but found [true]
at org.testng.Assert.fail(Assert.java:111)
at org.testng.Assert.failNotEquals(Assert.java:1590)
at org.testng.Assert.assertFalse(Assert.java:79)
at pages.ProductPageTest.verifyAscendingSortingFailsForDescendingOrderTest(ProductPageTest.java:107)
at java.base/jdk.internal.reflect.DirectMethodHandleAccessor.invoke(DirectMethodHandleAccessor.java:103)
at java.base/java.lang.reflect.Method.invoke(Method.java:580)
at org.testng.internal.invokers.MethodInvocationHelper.invokeMethod(MethodInvocationHelper.java:141)
at org.testng.internal.invokers.TestInvoker.invokeMethod(TestInvoker.java:687)
at org.testng.internal.invokers.TestInvoker.invokeTestMethod(TestInvoker.java:230)
at org.testng.internal.invokers.MethodRunner.runInSequence(MethodRunner.java:63)
at org.testng.internal.invokers.TestInvoker$MethodInvocationAgent.invoke(TestInvoker.java:995)
at org.testng.internal.invokers.TestInvoker.invokeTestMethods(TestInvoker.java:203)
at org.testng.internal.invokers.TestMethodWorker.invokeTestMethods(TestMethodWorker.java:154)
at org.testng.internal.invokers.TestMethodWorker.run(TestMethodWorker.java:134)
at java.base/java.util.ArrayList.forEach(ArrayList.java:1596)
at org.testng.TestRunner.privateRun(TestRunner.java:741)
at org.testng.TestRunner.run(TestRunner.java:616)
at org.testng.SuiteRunner.runTest(SuiteRunner.java:421)
at org.testng.SuiteRunner.runSequentially(SuiteRunner.java:413)
at org.testng.SuiteRunner.privateRun(SuiteRunner.java:373)
at org.testng.SuiteRunner.run(SuiteRunner.java:312)
at org.testng.SuiteRunnerWorker.runSuite(SuiteRunnerWorker.java:52)
at org.testng.SuiteRunnerWorker.run(SuiteRunnerWorker.java:95)
at org.testng.TestNG.runSuitesSequentially(TestNG.java:1274)
at org.testng.TestNG.runSuitesLocally(TestNG.java:1208)
at org.testng.TestNG.runSuites(TestNG.java:1112)
at org.testng.TestNG.run(TestNG.java:1079)
at org.testng.remote.AbstractRemoteTestNG.run(AbstractRemoteTestNG.java:115)
at org.testng.remote.RemoteTestNG.initAndRun(RemoteTestNG.java:293)
at org.testng.remote.RemoteTestNG.main(RemoteTestNG.java:91)
]]>
            </full-stacktrace>
          </exception> <!-- java.lang.AssertionError -->
          <reporter-output>
          </reporter-output>
        </test-method> <!-- verifyAscendingSortingFailsForDescendingOrderTest -->
        <test-method is-config="true" signature="tearDown()[pri:0, instance:pages.ProductPageTest@bcec361]" started-at="2026-03-15T17:11:50 IST" name="tearDown" finished-at="2026-03-15T17:11:52 IST" duration-ms="1985" status="PASS">
          <reporter-output>
          </reporter-output>
        </test-method> <!-- tearDown -->
      </class> <!-- pages.ProductPageTest -->
    </test> <!-- Test -->
  </suite> <!-- Suite -->
</testng-results>
